{"E:\\Project_Digital-Startup\\api\\controllers\\auth.controller.js": {"path":"E:\\Project_Digital-Startup\\api\\controllers\\auth.controller.js","statementMap":{"0":{"start":{"line":11,"column":25},"end":{"line":38,"column":1}},"1":{"start":{"line":12,"column":2},"end":{"line":37,"column":3}},"2":{"start":{"line":13,"column":22},"end":{"line":13,"column":30}},"3":{"start":{"line":15,"column":17},"end":{"line":15,"column":46}},"4":{"start":{"line":16,"column":4},"end":{"line":16,"column":69}},"5":{"start":{"line":16,"column":15},"end":{"line":16,"column":69}},"6":{"start":{"line":18,"column":19},"end":{"line":18,"column":62}},"7":{"start":{"line":19,"column":22},"end":{"line":19,"column":58}},"8":{"start":{"line":22,"column":4},"end":{"line":26,"column":6}},"9":{"start":{"line":29,"column":4},"end":{"line":29,"column":43}},"10":{"start":{"line":31,"column":4},"end":{"line":34,"column":7}},"11":{"start":{"line":36,"column":4},"end":{"line":36,"column":14}},"12":{"start":{"line":40,"column":24},"end":{"line":106,"column":1}},"13":{"start":{"line":41,"column":2},"end":{"line":105,"column":3}},"14":{"start":{"line":42,"column":49},"end":{"line":42,"column":57}},"15":{"start":{"line":45,"column":29},"end":{"line":45,"column":61}},"16":{"start":{"line":46,"column":4},"end":{"line":46,"column":84}},"17":{"start":{"line":46,"column":26},"end":{"line":46,"column":84}},"18":{"start":{"line":48,"column":26},"end":{"line":48,"column":55}},"19":{"start":{"line":49,"column":4},"end":{"line":49,"column":78}},"20":{"start":{"line":49,"column":23},"end":{"line":49,"column":78}},"21":{"start":{"line":51,"column":26},"end":{"line":51,"column":55}},"22":{"start":{"line":52,"column":4},"end":{"line":52,"column":86}},"23":{"start":{"line":52,"column":23},"end":{"line":52,"column":86}},"24":{"start":{"line":55,"column":4},"end":{"line":59,"column":5}},"25":{"start":{"line":56,"column":6},"end":{"line":58,"column":9}},"26":{"start":{"line":62,"column":27},"end":{"line":62,"column":56}},"27":{"start":{"line":65,"column":21},"end":{"line":65,"column":77}},"28":{"start":{"line":66,"column":17},"end":{"line":66,"column":46}},"29":{"start":{"line":69,"column":20},"end":{"line":96,"column":6}},"30":{"start":{"line":98,"column":4},"end":{"line":98,"column":25}},"31":{"start":{"line":99,"column":4},"end":{"line":99,"column":49}},"32":{"start":{"line":101,"column":4},"end":{"line":103,"column":5}},"33":{"start":{"line":102,"column":6},"end":{"line":102,"column":56}},"34":{"start":{"line":104,"column":4},"end":{"line":104,"column":14}},"35":{"start":{"line":109,"column":21},"end":{"line":155,"column":1}},"36":{"start":{"line":110,"column":2},"end":{"line":154,"column":3}},"37":{"start":{"line":111,"column":35},"end":{"line":111,"column":43}},"38":{"start":{"line":113,"column":17},"end":{"line":113,"column":49}},"39":{"start":{"line":114,"column":4},"end":{"line":114,"column":77}},"40":{"start":{"line":114,"column":15},"end":{"line":114,"column":77}},"41":{"start":{"line":116,"column":22},"end":{"line":116,"column":65}},"42":{"start":{"line":117,"column":4},"end":{"line":118,"column":68}},"43":{"start":{"line":118,"column":6},"end":{"line":118,"column":68}},"44":{"start":{"line":121,"column":4},"end":{"line":129,"column":5}},"45":{"start":{"line":122,"column":19},"end":{"line":122,"column":71}},"46":{"start":{"line":123,"column":21},"end":{"line":123,"column":40}},"47":{"start":{"line":125,"column":6},"end":{"line":128,"column":7}},"48":{"start":{"line":126,"column":8},"end":{"line":126,"column":35}},"49":{"start":{"line":127,"column":8},"end":{"line":127,"column":26}},"50":{"start":{"line":131,"column":18},"end":{"line":139,"column":5}},"51":{"start":{"line":141,"column":37},"end":{"line":141,"column":46}},"52":{"start":{"line":143,"column":4},"end":{"line":151,"column":32}},"53":{"start":{"line":153,"column":4},"end":{"line":153,"column":14}},"54":{"start":{"line":158,"column":29},"end":{"line":188,"column":1}},"55":{"start":{"line":159,"column":2},"end":{"line":187,"column":3}},"56":{"start":{"line":160,"column":52},"end":{"line":160,"column":60}},"57":{"start":{"line":163,"column":4},"end":{"line":167,"column":5}},"58":{"start":{"line":164,"column":6},"end":{"line":166,"column":9}},"59":{"start":{"line":170,"column":4},"end":{"line":172,"column":5}},"60":{"start":{"line":171,"column":6},"end":{"line":171,"column":82}},"61":{"start":{"line":174,"column":17},"end":{"line":174,"column":46}},"62":{"start":{"line":175,"column":4},"end":{"line":175,"column":69}},"63":{"start":{"line":175,"column":15},"end":{"line":175,"column":69}},"64":{"start":{"line":178,"column":27},"end":{"line":178,"column":59}},"65":{"start":{"line":181,"column":4},"end":{"line":181,"column":35}},"66":{"start":{"line":182,"column":4},"end":{"line":182,"column":22}},"67":{"start":{"line":184,"column":4},"end":{"line":184,"column":70}},"68":{"start":{"line":186,"column":4},"end":{"line":186,"column":14}},"69":{"start":{"line":192,"column":22},"end":{"line":201,"column":1}},"70":{"start":{"line":193,"column":2},"end":{"line":200,"column":29}}},"fnMap":{"0":{"name":"(anonymous_0)","decl":{"start":{"line":11,"column":25},"end":{"line":11,"column":26}},"loc":{"start":{"line":11,"column":51},"end":{"line":38,"column":1}},"line":11},"1":{"name":"(anonymous_1)","decl":{"start":{"line":40,"column":24},"end":{"line":40,"column":25}},"loc":{"start":{"line":40,"column":50},"end":{"line":106,"column":1}},"line":40},"2":{"name":"(anonymous_2)","decl":{"start":{"line":109,"column":21},"end":{"line":109,"column":22}},"loc":{"start":{"line":109,"column":47},"end":{"line":155,"column":1}},"line":109},"3":{"name":"(anonymous_3)","decl":{"start":{"line":158,"column":29},"end":{"line":158,"column":30}},"loc":{"start":{"line":158,"column":55},"end":{"line":188,"column":1}},"line":158},"4":{"name":"(anonymous_4)","decl":{"start":{"line":192,"column":22},"end":{"line":192,"column":23}},"loc":{"start":{"line":192,"column":42},"end":{"line":201,"column":1}},"line":192}},"branchMap":{"0":{"loc":{"start":{"line":16,"column":4},"end":{"line":16,"column":69}},"type":"if","locations":[{"start":{"line":16,"column":4},"end":{"line":16,"column":69}},{"start":{},"end":{}}],"line":16},"1":{"loc":{"start":{"line":46,"column":4},"end":{"line":46,"column":84}},"type":"if","locations":[{"start":{"line":46,"column":4},"end":{"line":46,"column":84}},{"start":{},"end":{}}],"line":46},"2":{"loc":{"start":{"line":49,"column":4},"end":{"line":49,"column":78}},"type":"if","locations":[{"start":{"line":49,"column":4},"end":{"line":49,"column":78}},{"start":{},"end":{}}],"line":49},"3":{"loc":{"start":{"line":52,"column":4},"end":{"line":52,"column":86}},"type":"if","locations":[{"start":{"line":52,"column":4},"end":{"line":52,"column":86}},{"start":{},"end":{}}],"line":52},"4":{"loc":{"start":{"line":55,"column":4},"end":{"line":59,"column":5}},"type":"if","locations":[{"start":{"line":55,"column":4},"end":{"line":59,"column":5}},{"start":{},"end":{}}],"line":55},"5":{"loc":{"start":{"line":65,"column":21},"end":{"line":65,"column":77}},"type":"binary-expr","locations":[{"start":{"line":65,"column":21},"end":{"line":65,"column":47}},{"start":{"line":65,"column":51},"end":{"line":65,"column":77}}],"line":65},"6":{"loc":{"start":{"line":66,"column":17},"end":{"line":66,"column":46}},"type":"cond-expr","locations":[{"start":{"line":66,"column":28},"end":{"line":66,"column":36}},{"start":{"line":66,"column":39},"end":{"line":66,"column":46}}],"line":66},"7":{"loc":{"start":{"line":101,"column":4},"end":{"line":103,"column":5}},"type":"if","locations":[{"start":{"line":101,"column":4},"end":{"line":103,"column":5}},{"start":{},"end":{}}],"line":101},"8":{"loc":{"start":{"line":114,"column":4},"end":{"line":114,"column":77}},"type":"if","locations":[{"start":{"line":114,"column":4},"end":{"line":114,"column":77}},{"start":{},"end":{}}],"line":114},"9":{"loc":{"start":{"line":117,"column":4},"end":{"line":118,"column":68}},"type":"if","locations":[{"start":{"line":117,"column":4},"end":{"line":118,"column":68}},{"start":{},"end":{}}],"line":117},"10":{"loc":{"start":{"line":121,"column":4},"end":{"line":129,"column":5}},"type":"if","locations":[{"start":{"line":121,"column":4},"end":{"line":129,"column":5}},{"start":{},"end":{}}],"line":121},"11":{"loc":{"start":{"line":121,"column":8},"end":{"line":121,"column":49}},"type":"binary-expr","locations":[{"start":{"line":121,"column":8},"end":{"line":121,"column":26}},{"start":{"line":121,"column":30},"end":{"line":121,"column":49}}],"line":121},"12":{"loc":{"start":{"line":125,"column":6},"end":{"line":128,"column":7}},"type":"if","locations":[{"start":{"line":125,"column":6},"end":{"line":128,"column":7}},{"start":{},"end":{}}],"line":125},"13":{"loc":{"start":{"line":147,"column":18},"end":{"line":147,"column":72}},"type":"cond-expr","locations":[{"start":{"line":147,"column":58},"end":{"line":147,"column":64}},{"start":{"line":147,"column":67},"end":{"line":147,"column":72}}],"line":147},"14":{"loc":{"start":{"line":163,"column":4},"end":{"line":167,"column":5}},"type":"if","locations":[{"start":{"line":163,"column":4},"end":{"line":167,"column":5}},{"start":{},"end":{}}],"line":163},"15":{"loc":{"start":{"line":163,"column":8},"end":{"line":163,"column":73}},"type":"binary-expr","locations":[{"start":{"line":163,"column":8},"end":{"line":163,"column":20}},{"start":{"line":163,"column":24},"end":{"line":163,"column":46}},{"start":{"line":163,"column":50},"end":{"line":163,"column":73}}],"line":163},"16":{"loc":{"start":{"line":170,"column":4},"end":{"line":172,"column":5}},"type":"if","locations":[{"start":{"line":170,"column":4},"end":{"line":172,"column":5}},{"start":{},"end":{}}],"line":170},"17":{"loc":{"start":{"line":175,"column":4},"end":{"line":175,"column":69}},"type":"if","locations":[{"start":{"line":175,"column":4},"end":{"line":175,"column":69}},{"start":{},"end":{}}],"line":175},"18":{"loc":{"start":{"line":197,"column":16},"end":{"line":197,"column":70}},"type":"cond-expr","locations":[{"start":{"line":197,"column":56},"end":{"line":197,"column":62}},{"start":{"line":197,"column":65},"end":{"line":197,"column":70}}],"line":197}},"s":{"0":1,"1":0,"2":0,"3":0,"4":0,"5":0,"6":0,"7":0,"8":0,"9":0,"10":0,"11":0,"12":1,"13":2,"14":2,"15":2,"16":2,"17":1,"18":1,"19":1,"20":0,"21":1,"22":1,"23":0,"24":1,"25":0,"26":1,"27":1,"28":1,"29":1,"30":1,"31":1,"32":0,"33":0,"34":0,"35":1,"36":6,"37":6,"38":6,"39":5,"40":1,"41":4,"42":4,"43":1,"44":3,"45":2,"46":2,"47":2,"48":1,"49":1,"50":3,"51":3,"52":3,"53":1,"54":1,"55":0,"56":0,"57":0,"58":0,"59":0,"60":0,"61":0,"62":0,"63":0,"64":0,"65":0,"66":0,"67":0,"68":0,"69":1,"70":1},"f":{"0":0,"1":2,"2":6,"3":0,"4":1},"b":{"0":[0,0],"1":[1,1],"2":[0,1],"3":[0,1],"4":[0,1],"5":[1,1],"6":[0,1],"7":[0,0],"8":[1,4],"9":[1,3],"10":[2,1],"11":[3,2],"12":[1,1],"13":[0,3],"14":[0,0],"15":[0,0,0],"16":[0,0],"17":[0,0],"18":[0,1]},"_coverageSchema":"1a1c01bbd47fc00a2c39e90264f33305004495a9","hash":"1d700bfa0c96d349d427e92b647f2f80c7f8ffa0"}
}
