TN:
SF:controllers\auth.controller.js
FN:11,(anonymous_0)
FN:40,(anonymous_1)
FN:109,(anonymous_2)
FN:158,(anonymous_3)
FN:192,(anonymous_4)
FNF:5
FNH:3
FNDA:0,(anonymous_0)
FNDA:2,(anonymous_1)
FNDA:6,(anonymous_2)
FNDA:0,(anonymous_3)
FNDA:1,(anonymous_4)
DA:11,1
DA:12,0
DA:13,0
DA:15,0
DA:16,0
DA:18,0
DA:19,0
DA:22,0
DA:29,0
DA:31,0
DA:36,0
DA:40,1
DA:41,2
DA:42,2
DA:45,2
DA:46,2
DA:48,1
DA:49,1
DA:51,1
DA:52,1
DA:55,1
DA:56,0
DA:62,1
DA:65,1
DA:66,1
DA:69,1
DA:98,1
DA:99,1
DA:101,0
DA:102,0
DA:104,0
DA:109,1
DA:110,6
DA:111,6
DA:113,6
DA:114,5
DA:116,4
DA:117,4
DA:118,1
DA:121,3
DA:122,2
DA:123,2
DA:125,2
DA:126,1
DA:127,1
DA:131,3
DA:141,3
DA:143,3
DA:153,1
DA:158,1
DA:159,0
DA:160,0
DA:163,0
DA:164,0
DA:170,0
DA:171,0
DA:174,0
DA:175,0
DA:178,0
DA:181,0
DA:182,0
DA:184,0
DA:186,0
DA:192,1
DA:193,1
LF:65
LH:38
BRDA:16,0,0,0
BRDA:16,0,1,0
BRDA:46,1,0,1
BRDA:46,1,1,1
BRDA:49,2,0,0
BRDA:49,2,1,1
BRDA:52,3,0,0
BRDA:52,3,1,1
BRDA:55,4,0,0
BRDA:55,4,1,1
BRDA:65,5,0,1
BRDA:65,5,1,1
BRDA:66,6,0,0
BRDA:66,6,1,1
BRDA:101,7,0,0
BRDA:101,7,1,0
BRDA:114,8,0,1
BRDA:114,8,1,4
BRDA:117,9,0,1
BRDA:117,9,1,3
BRDA:121,10,0,2
BRDA:121,10,1,1
BRDA:121,11,0,3
BRDA:121,11,1,2
BRDA:125,12,0,1
BRDA:125,12,1,1
BRDA:147,13,0,0
BRDA:147,13,1,3
BRDA:163,14,0,0
BRDA:163,14,1,0
BRDA:163,15,0,0
BRDA:163,15,1,0
BRDA:163,15,2,0
BRDA:170,16,0,0
BRDA:170,16,1,0
BRDA:175,17,0,0
BRDA:175,17,1,0
BRDA:197,18,0,0
BRDA:197,18,1,1
BRF:39
BRH:20
end_of_record
